2026-04-28 22:39:00.855 [pool-2-thread-1] INFO  Server standart logger - Client connected: /127.0.0.1
2026-04-28 22:39:00.855 [pool-2-thread-1] INFO  Server standart logger - Client connected: /127.0.0.1
2026-04-28 22:39:00.892 [pool-2-thread-3] INFO  Server standart logger - new request from /127.0.0.1: common.transfer.request.wrapped.AuthenticatedRequest@430e4956
2026-04-28 22:39:00.893 [pool-2-thread-3] INFO  Server standart logger - sending response: Response{status=OK, body=[{add=class common.transfer.request.standart.EntityRequest, print_field_descending_distance=class common.transfer.request.standart.StandartRequest, show=class common.transfer.request.standart.StandartRequest, clear=class common.transfer.request.standart.StandartRequest, print_unique_distance=class common.transfer.request.standart.StandartRequest, update=class common.transfer.request.standart.CombinedRequest, remove_by_id=class common.transfer.request.standart.IdRequest, sort=class common.transfer.request.standart.StandartRequest, history=class common.transfer.request.standart.StandartRequest, remove_lower=class common.transfer.request.standart.EntityRequest, login=class common.transfer.request.standart.AuthRequest, help=class common.transfer.request.standart.StandartRequest, filter_starts_with_name=class common.transfer.request.standart.StringRequest, info=class common.transfer.request.standart.StandartRequest, register=class common.transfer.request.standart.AuthRequest}]}
2026-04-28 22:39:16.422 [pool-2-thread-3] INFO  Server standart logger - new request from /127.0.0.1: common.transfer.request.wrapped.AuthenticatedRequest@3db22a3d
2026-04-28 22:39:16.463 [pool-2-thread-3] INFO  Server standart logger - authenticated user: admin
2026-04-28 22:39:16.464 [pool-2-thread-3] INFO  Server standart logger - sending response: Response{status=LOGIN, body=[admin, admin]}
2026-04-28 22:39:25.987 [pool-2-thread-3] INFO  Server standart logger - new request from /127.0.0.1: common.transfer.request.wrapped.AuthenticatedRequest@6895c259
2026-04-28 22:39:26.000 [pool-2-thread-3] INFO  Server standart logger - authenticated user: admin
2026-04-28 22:39:26.001 [pool-2-thread-3] INFO  Server standart logger - sending response: Response{status=OK, body=[<Collection info:>, Collection Type (Class): java.util.ArrayList, Collection size: 10, Last saved: no save occured in current session, Last initialized: 2026-04-28 22:38:09.883253230]}
2026-04-28 22:55:24.469 [main] INFO  Server standart logger - collection loaded from database
2026-04-28 22:55:24.474 [main] INFO  Server standart logger - Server started on port 9000
2026-04-28 22:55:24.476 [main] INFO  Server standart logger - Server started on port 9000
2026-04-28 22:55:26.121 [pool-2-thread-1] INFO  Server standart logger - Client connected: /127.0.0.1
2026-04-28 22:55:26.122 [pool-2-thread-1] INFO  Server standart logger - Client connected: /127.0.0.1
2026-04-28 22:55:26.188 [pool-2-thread-2] INFO  Server standart logger - new request from /127.0.0.1: common.transfer.request.wrapped.AuthenticatedRequest@68852aa7
2026-04-28 22:55:26.189 [pool-2-thread-2] INFO  Server standart logger - sending response: Response{status=OK, body=[{add=class common.transfer.request.standart.EntityRequest, print_field_descending_distance=class common.transfer.request.standart.StandartRequest, show=class common.transfer.request.standart.StandartRequest, clear=class common.transfer.request.standart.StandartRequest, print_unique_distance=class common.transfer.request.standart.StandartRequest, update=class common.transfer.request.standart.CombinedRequest, remove_by_id=class common.transfer.request.standart.IdRequest, sort=class common.transfer.request.standart.StandartRequest, history=class common.transfer.request.standart.StandartRequest, remove_lower=class common.transfer.request.standart.EntityRequest, login=class common.transfer.request.standart.AuthRequest, help=class common.transfer.request.standart.StandartRequest, filter_starts_with_name=class common.transfer.request.standart.StringRequest, info=class common.transfer.request.standart.StandartRequest, register=class common.transfer.request.standart.AuthRequest}]}
2026-04-28 22:55:32.135 [pool-2-thread-2] INFO  Server standart logger - new request from /127.0.0.1: common.transfer.request.wrapped.AuthenticatedRequest@1fe275f9
2026-04-28 22:55:32.204 [pool-2-thread-2] INFO  Server standart logger - authenticated user: admin
2026-04-28 22:55:32.205 [pool-2-thread-2] INFO  Server standart logger - sending response: Response{status=LOGIN, body=[admin, admin]}
2026-04-28 22:55:33.777 [pool-2-thread-2] INFO  Server standart logger - new request from /127.0.0.1: common.transfer.request.wrapped.AuthenticatedRequest@51cc4ab9
2026-04-28 22:55:33.794 [pool-2-thread-2] INFO  Server standart logger - authenticated user: admin
2026-04-28 22:55:33.795 [pool-2-thread-2] INFO  Server standart logger - sending response: Response{status=OK, body=[<Collection info:>, Collection Type (Class): java.util.ArrayList, Collection size: 10, Last saved: no save occured in current session, Last initialized: 2026-04-28 22:55:24.468067020]}
2026-04-28 22:55:36.451 [pool-2-thread-2] INFO  Server standart logger - new request from /127.0.0.1: common.transfer.request.wrapped.AuthenticatedRequest@fe86281
2026-04-28 22:55:36.496 [pool-2-thread-2] INFO  Server standart logger - authenticated user: admin
2026-04-28 22:55:36.503 [pool-2-thread-2] INFO  Server standart logger - sending response: Response{status=OK, body=[id=1
creation date=2026-04-22T20:19:35.742875
name=Route Alpha
coordinates=(x=10.500000, y=20)
from=(x=100, y=200.500000, name=Moscow Central)
to=(x=1000.500000, y=2000.300000, z=300, name=Moscow Airport)
distance=150
, id=2
creation date=2026-04-22T20:19:35.742875
name=Route Beta
coordinates=(x=25.500000, y=35)
from=(x=250, y=350.200000, name=Saint Petersburg Square)
to=(x=2500.200000, y=3500.700000, z=450, name=SPB Sea Port)
distance=250
, id=4
creation date=2026-04-22T20:19:35.742875
name=Route Delta
coordinates=(x=55.799999, y=65)
from=(x=550, y=600.300000, name=Kazan Kremlin)
to=(x=5500.000000, y=6000.400000, z=750, name=Kazan Stadium)
distance=450
, id=5
creation date=2026-04-22T20:19:35.742875
name=Route Epsilon
coordinates=(x=70.300003, y=80)
from=(x=700, y=750.000000, name=Sochi Park)
to=(x=7000.600000, y=7500.900000, z=900, name=Sochi Beach)
distance=550
, id=7
creation date=2026-04-22T20:19:35.742875
name=Route Eta
coordinates=(x=25.500000, y=35)
from=(x=400, y=450.800000, name=Novosibirsk Station)
to=(x=5500.000000, y=6000.400000, z=750, name=Kazan Stadium)
distance=300
, id=3
creation date=2026-04-22T20:19:35.742875
name=Route Gamma
coordinates=(x=40.200001, y=50)
from=(x=400, y=450.800000, name=Novosibirsk Station)
to=(x=4000.800000, y=4500.100000, z=600, name=Novosibirsk Mall)
distance=350
, id=9
creation date=2026-04-22T20:19:35.742875
name=Route Iota
coordinates=(x=55.799999, y=65)
from=(x=700, y=750.000000, name=Sochi Park)
to=(x=1000.500000, y=2000.300000, z=300, name=Moscow Airport)
distance=500
, id=10
creation date=2026-04-22T20:19:35.742875
name=Route Kappa
coordinates=(x=70.300003, y=80)
from=(x=100, y=200.500000, name=Moscow Central)
to=(x=2500.200000, y=3500.700000, z=450, name=SPB Sea Port)
distance=600
, id=8
creation date=2026-04-22T20:19:35.742875
name=Route Theta
coordinates=(x=40.200001, y=50)
from=(x=550, y=600.300000, name=Kazan Kremlin)
to=(x=7000.600000, y=7500.900000, z=900, name=Sochi Beach)
distance=400
, id=6
creation date=2026-04-22T20:19:35.742875
name=Route Zeta
coordinates=(x=10.500000, y=20)
from=(x=250, y=350.200000, name=Saint Petersburg Square)
to=(x=4000.800000, y=4500.100000, z=600, name=Novosibirsk Mall)
distance=200
]}
2026-04-28 22:55:39.337 [pool-2-thread-2] INFO  Server standart logger - new request from /127.0.0.1: common.transfer.request.wrapped.AuthenticatedRequest@130689ef
2026-04-28 22:55:39.385 [pool-2-thread-2] INFO  Server standart logger - authenticated user: admin
2026-04-28 22:55:39.393 [pool-2-thread-2] INFO  Server standart logger - sending response: Response{status=OK, body=[id=1
creation date=2026-04-22T20:19:35.742875
name=Route Alpha
coordinates=(x=10.500000, y=20)
from=(x=100, y=200.500000, name=Moscow Central)
to=(x=1000.500000, y=2000.300000, z=300, name=Moscow Airport)
distance=150
, id=2
creation date=2026-04-22T20:19:35.742875
name=Route Beta
coordinates=(x=25.500000, y=35)
from=(x=250, y=350.200000, name=Saint Petersburg Square)
to=(x=2500.200000, y=3500.700000, z=450, name=SPB Sea Port)
distance=250
, id=4
creation date=2026-04-22T20:19:35.742875
name=Route Delta
coordinates=(x=55.799999, y=65)
from=(x=550, y=600.300000, name=Kazan Kremlin)
to=(x=5500.000000, y=6000.400000, z=750, name=Kazan Stadium)
distance=450
, id=5
creation date=2026-04-22T20:19:35.742875
name=Route Epsilon
coordinates=(x=70.300003, y=80)
from=(x=700, y=750.000000, name=Sochi Park)
to=(x=7000.600000, y=7500.900000, z=900, name=Sochi Beach)
distance=550
, id=7
creation date=2026-04-22T20:19:35.742875
name=Route Eta
coordinates=(x=25.500000, y=35)
from=(x=400, y=450.800000, name=Novosibirsk Station)
to=(x=5500.000000, y=6000.400000, z=750, name=Kazan Stadium)
distance=300
, id=3
creation date=2026-04-22T20:19:35.742875
name=Route Gamma
coordinates=(x=40.200001, y=50)
from=(x=400, y=450.800000, name=Novosibirsk Station)
to=(x=4000.800000, y=4500.100000, z=600, name=Novosibirsk Mall)
distance=350
, id=9
creation date=2026-04-22T20:19:35.742875
name=Route Iota
coordinates=(x=55.799999, y=65)
from=(x=700, y=750.000000, name=Sochi Park)
to=(x=1000.500000, y=2000.300000, z=300, name=Moscow Airport)
distance=500
, id=10
creation date=2026-04-22T20:19:35.742875
name=Route Kappa
coordinates=(x=70.300003, y=80)
from=(x=100, y=200.500000, name=Moscow Central)
to=(x=2500.200000, y=3500.700000, z=450, name=SPB Sea Port)
distance=600
, id=8
creation date=2026-04-22T20:19:35.742875
name=Route Theta
coordinates=(x=40.200001, y=50)
from=(x=550, y=600.300000, name=Kazan Kremlin)
to=(x=7000.600000, y=7500.900000, z=900, name=Sochi Beach)
distance=400
, id=6
creation date=2026-04-22T20:19:35.742875
name=Route Zeta
coordinates=(x=10.500000, y=20)
from=(x=250, y=350.200000, name=Saint Petersburg Square)
to=(x=4000.800000, y=4500.100000, z=600, name=Novosibirsk Mall)
distance=200
]}
2026-04-28 23:07:09.028 [pool-2-thread-2] ERROR Server standart logger - Error in client handler: 
java.io.EOFException: null
	at java.io.ObjectInputStream$BlockDataInputStream.peekByte(ObjectInputStream.java:3232) ~[?:?]
	at java.io.ObjectInputStream.readObject0(ObjectInputStream.java:1713) ~[?:?]
	at java.io.ObjectInputStream.readObject(ObjectInputStream.java:540) ~[?:?]
	at java.io.ObjectInputStream.readObject(ObjectInputStream.java:498) ~[?:?]
	at network.handlers.ClientHandler.run(ClientHandler.java:37) ~[server-1.0-SNAPSHOT.jar:?]
	at java.util.concurrent.Executors$RunnableAdapter.call(Executors.java:572) ~[?:?]
	at java.util.concurrent.FutureTask.run(FutureTask.java:317) ~[?:?]
	at java.util.concurrent.ThreadPoolExecutor.runWorker(ThreadPoolExecutor.java:1144) ~[?:?]
	at java.util.concurrent.ThreadPoolExecutor$Worker.run(ThreadPoolExecutor.java:642) ~[?:?]
	at java.lang.Thread.run(Thread.java:1583) [?:?]
2026-04-28 23:07:09.043 [pool-2-thread-2] INFO  Server standart logger - Client disconnected: /127.0.0.1
2026-04-28 23:07:27.012 [main] INFO  Server standart logger - collection loaded from database
2026-04-28 23:07:27.017 [main] INFO  Server standart logger - Server started on port 9000
2026-04-28 23:07:27.019 [main] INFO  Server standart logger - Server started on port 9000
2026-04-28 23:07:28.147 [pool-2-thread-1] INFO  Server standart logger - Client connected: /127.0.0.1
2026-04-28 23:07:28.148 [pool-2-thread-1] INFO  Server standart logger - Client connected: /127.0.0.1
2026-04-28 23:07:28.196 [pool-2-thread-2] INFO  Server standart logger - new request from /127.0.0.1: common.transfer.request.wrapped.AuthenticatedRequest@7d9f5df0
2026-04-28 23:07:28.198 [pool-2-thread-2] INFO  Server standart logger - sending response: Response{status=OK, body=[{add=class common.transfer.request.standart.EntityRequest, print_field_descending_distance=class common.transfer.request.standart.StandartRequest, show=class common.transfer.request.standart.StandartRequest, clear=class common.transfer.request.standart.StandartRequest, print_unique_distance=class common.transfer.request.standart.StandartRequest, update=class common.transfer.request.standart.CombinedRequest, remove_by_id=class common.transfer.request.standart.IdRequest, sort=class common.transfer.request.standart.StandartRequest, history=class common.transfer.request.standart.StandartRequest, remove_lower=class common.transfer.request.standart.EntityRequest, login=class common.transfer.request.standart.AuthRequest, help=class common.transfer.request.standart.StandartRequest, filter_starts_with_name=class common.transfer.request.standart.StringRequest, info=class common.transfer.request.standart.StandartRequest, register=class common.transfer.request.standart.AuthRequest}]}
2026-04-28 23:07:32.620 [pool-2-thread-2] INFO  Server standart logger - new request from /127.0.0.1: common.transfer.request.wrapped.AuthenticatedRequest@33a5cafc
2026-04-28 23:07:32.671 [pool-2-thread-2] INFO  Server standart logger - authenticated user: admin
2026-04-28 23:07:32.671 [pool-2-thread-2] INFO  Server standart logger - sending response: Response{status=LOGIN, body=[admin, admin]}
2026-04-28 23:07:34.912 [pool-2-thread-2] INFO  Server standart logger - new request from /127.0.0.1: common.transfer.request.wrapped.AuthenticatedRequest@45ae2bcc
2026-04-28 23:07:34.936 [pool-2-thread-2] INFO  Server standart logger - authenticated user: admin
2026-04-28 23:07:34.936 [pool-2-thread-2] INFO  Server standart logger - sending response: Response{status=OK, body=[<Collection info:>, Collection Type (Class): java.util.ArrayList, Collection size: 10, Last saved: no save occured in current session, Last initialized: 2026-04-28 23:07:27.010282329]}
2026-04-28 23:07:38.514 [pool-2-thread-2] ERROR Server standart logger - Error in client handler: 
java.io.EOFException: null
	at java.io.ObjectInputStream$BlockDataInputStream.peekByte(ObjectInputStream.java:3232) ~[?:?]
	at java.io.ObjectInputStream.readObject0(ObjectInputStream.java:1713) ~[?:?]
	at java.io.ObjectInputStream.readObject(ObjectInputStream.java:540) ~[?:?]
	at java.io.ObjectInputStream.readObject(ObjectInputStream.java:498) ~[?:?]
	at network.handlers.ClientHandler.run(ClientHandler.java:37) ~[server-1.0-SNAPSHOT.jar:?]
	at java.util.concurrent.Executors$RunnableAdapter.call(Executors.java:572) ~[?:?]
	at java.util.concurrent.FutureTask.run(FutureTask.java:317) ~[?:?]
	at java.util.concurrent.ThreadPoolExecutor.runWorker(ThreadPoolExecutor.java:1144) ~[?:?]
	at java.util.concurrent.ThreadPoolExecutor$Worker.run(ThreadPoolExecutor.java:642) ~[?:?]
	at java.lang.Thread.run(Thread.java:1583) [?:?]
2026-04-28 23:07:38.519 [pool-2-thread-2] INFO  Server standart logger - Client disconnected: /127.0.0.1
